/*C22*/SET SCHEMA PUBLIC
CREATE TABLE IF NOT EXISTS CUSTOMER(CUSTOMERID INTEGER IDENTITY,SALUTATION VARCHAR_IGNORECASE,NAME1 VARCHAR_IGNORECASE,NAME2 VARCHAR_IGNORECASE,STREET VARCHAR_IGNORECASE,LAND VARCHAR_IGNORECASE,ZIP INTEGER,LOCATION VARCHAR_IGNORECASE,PHONE VARCHAR_IGNORECASE,MOBILE VARCHAR_IGNORECASE,FAX VARCHAR_IGNORECASE,EMAIL VARCHAR_IGNORECASE,WEB VARCHAR_IGNORECASE,CONTACTPERSON VARCHAR_IGNORECASE,USTID VARCHAR_IGNORECASE, PAYMENT VARCHAR_IGNORECASE, IBAN VARCHAR_IGNORECASE,BIC VARCHAR_IGNORECASE,BANK VARCHAR_IGNORECASE,PAYMENTSKONTO INTEGER,PAYMENTNETTO INTEGER,SKONTO VARCHAR_IGNORECASE,LASTCHANGE DATE,NOTES VARCHAR_IGNORECASE,BILLINGID INTEGER)
/*C23*/SET SCHEMA PUBLIC
CREATE TABLE IF NOT EXISTS CustomerContacts(CUSTOMERID INTEGER NOT NULL,SALUTATION VARCHAR_IGNORECASE,NAME VARCHAR_IGNORECASE,PHONE VARCHAR_IGNORECASE,FAX VARCHAR_IGNORECASE,EMAIL VARCHAR_IGNORECASE,DEPARTMENT VARCHAR_IGNORECASE)
/*C24*/SET SCHEMA PUBLIC
CREATE TABLE IF NOT EXISTS ARTICLE(   ARTICLEID INTEGER PRIMARY KEY,DESCRIPTION1 VARCHAR_IGNORECASE,DESCRIPTION2 VARCHAR_IGNORECASE,CATEGORY VARCHAR_IGNORECASE,EANID INTEGER,BARRELSIZE VARCHAR_IGNORECASE,BOLTING VARCHAR_IGNORECASE,LENGTH INTEGER,WIDTH INTEGER,HEIGHT INTEGER,WEIGHT DECIMAL(10,2),DESITY DECIMAL(10,4),EK DECIMAL(10,2),VK DECIMAL(10,2),PRICEUNIT INTEGER,AMOUNTUNIT VARCHAR_IGNORECASE,TAX INTEGER,LONGTEXT VARCHAR_IGNORECASE,IMAGEFILEPATH VARCHAR_IGNORECASE,STOCKMINUNIT INTEGER,STOCKMAXUNIT INTEGER,STOCKALERTUNIT INTEGER,LASTCHANGE DATE)
/*C25*/SET SCHEMA PUBLIC
CREATE TABLE IF NOT EXISTS BARRELSIZE(BARRELSIZEID INTEGER IDENTITY,BARRELSIZE VARCHAR_IGNORECASE)
/*C26*/SET SCHEMA PUBLIC
CREATE TABLE IF NOT EXISTS Bolting(BOLTINGID INTEGER IDENTITY,BOLTING VARCHAR_IGNORECASE)
/*C27*/SET SCHEMA PUBLIC
CREATE TABLE IF NOT EXISTS Clerk(CLERKID INTEGER GENERATED BY DEFAULT AS IDENTITY(START WITH 1, INCREMENT BY 1) PRIMARY KEY,SALUTATION VARCHAR_IGNORECASE,NAME VARCHAR_IGNORECASE,PHONE VARCHAR_IGNORECASE,FAX VARCHAR_IGNORECASE,EMAIL VARCHAR_IGNORECASE,DEPARTMENT VARCHAR_IGNORECASE)
/*C28*/SET SCHEMA PUBLIC
CREATE TABLE IF NOT EXISTS SUPPLIER(SUPPLIERID INTEGER IDENTITY,NAME1 VARCHAR_IGNORECASE,NAME2 VARCHAR_IGNORECASE,STREET VARCHAR_IGNORECASE,LAND VARCHAR_IGNORECASE,ZIP INTEGER,LOCATION VARCHAR_IGNORECASE,PHONE VARCHAR_IGNORECASE,FAX VARCHAR_IGNORECASE,EMAIL VARCHAR_IGNORECASE,WEB VARCHAR_IGNORECASE,CONTACTPERSON VARCHAR_IGNORECASE,USTID VARCHAR_IGNORECASE, PAYMENT VARCHAR_IGNORECASE, IBAN VARCHAR_IGNORECASE,BIC VARCHAR_IGNORECASE,BANK VARCHAR_IGNORECASE,PAYMENTSKONTO INTEGER,PAYMENTNETTO INTEGER,SKONTO VARCHAR_IGNORECASE,LASTCHANGE DATE,NOTES VARCHAR_IGNORECASE)
/*C29*/SET SCHEMA PUBLIC
CREATE TABLE IF NOT EXISTS SupplierContacts(SUPPLIERID INTEGER NOT NULL,SALUTATION VARCHAR_IGNORECASE,NAME VARCHAR_IGNORECASE,PHONE VARCHAR_IGNORECASE,FAX VARCHAR_IGNORECASE,EMAIL VARCHAR_IGNORECASE,DEPARTMENT VARCHAR_IGNORECASE)
/*C30*/SET SCHEMA PUBLIC
CREATE TABLE IF NOT EXISTS ARTICLESUPPLIER(SUPPLIERID INTEGER,ARTICLEID INTEGER,SUPPLIERARTICLEID VARCHAR_IGNORECASE,SUPPLIERDESCRIPTION1 VARCHAR_IGNORECASE,SUPPLIERDESCRIPTION2 VARCHAR_IGNORECASE,SUPPLIEREK DECIMAL(10,2),SUPPLIERPRICEUNIT INTEGER,SUPPLIERAMOUNTUNIT VARCHAR_IGNORECASE)
/*C31*/SET SCHEMA PUBLIC
CREATE TABLE IF NOT EXISTS Warehouse(WAREHOUSEID INTEGER IDENTITY NOT NULL,WAREHOUSE VARCHAR_IGNORECASE)
/*C32*/SET SCHEMA PUBLIC
CREATE TABLE IF NOT EXISTS Stock(articleID INTEGER,supplierID INTEGER,warehouseID INTEGER,amount DECIMAL(10,2),ek DECIMAL(10,2),date VARCHAR_IGNORECASE)
/*C33*/SET SCHEMA PUBLIC
CREATE TABLE IF NOT EXISTS Offer(OFFERID INTEGER IDENTITY NOT NULL,OFFERDATE VARCHAR_IGNORECASE,REQUEST VARCHAR_IGNORECASE,REQUESTDATE VARCHAR_IGNORECASE,NOTES VARCHAR_IGNORECASE,CUSTOMERID INTEGER NOT NULL,CLERKID INTEGER NOT NULL)
CREATE TABLE IF NOT EXISTS OfferArticle(OFFERID INTEGER NOT NULL,ARTICLEID INTEGER NOT NULL,AMOUNT DECIMAL(10,2),EK DECIMAL(10,2),VK DECIMAL(10,2),TOTAL DECIMAL(10,2))
/*C34*/SET SCHEMA PUBLIC
DISCONNECT
/*C35*/SET SCHEMA PUBLIC
DISCONNECT
/*C36*/SET SCHEMA PUBLIC
DISCONNECT
/*C38*/SET SCHEMA PUBLIC
DISCONNECT
/*C37*/SET SCHEMA PUBLIC
DISCONNECT
/*C39*/SET SCHEMA PUBLIC
DISCONNECT
/*C41*/SET SCHEMA PUBLIC
DISCONNECT
/*C40*/SET SCHEMA PUBLIC
DISCONNECT
/*C42*/SET SCHEMA PUBLIC
DISCONNECT
/*C44*/SET SCHEMA PUBLIC
DISCONNECT
/*C43*/SET SCHEMA PUBLIC
DISCONNECT
/*C45*/SET SCHEMA PUBLIC
DISCONNECT
/*C47*/SET SCHEMA PUBLIC
DISCONNECT
/*C46*/SET SCHEMA PUBLIC
DISCONNECT
/*C48*/SET SCHEMA PUBLIC
DISCONNECT
/*C50*/SET SCHEMA PUBLIC
DISCONNECT
/*C49*/SET SCHEMA PUBLIC
DISCONNECT
/*C51*/SET SCHEMA PUBLIC
DISCONNECT
/*C53*/SET SCHEMA PUBLIC
DISCONNECT
/*C52*/SET SCHEMA PUBLIC
DISCONNECT
/*C54*/SET SCHEMA PUBLIC
DISCONNECT
/*C56*/SET SCHEMA PUBLIC
DISCONNECT
/*C55*/SET SCHEMA PUBLIC
DISCONNECT
/*C57*/SET SCHEMA PUBLIC
DISCONNECT
/*C59*/SET SCHEMA PUBLIC
DISCONNECT
/*C58*/SET SCHEMA PUBLIC
DISCONNECT
/*C61*/SET SCHEMA PUBLIC
DISCONNECT
/*C60*/SET SCHEMA PUBLIC
DISCONNECT
/*C63*/SET SCHEMA PUBLIC
DISCONNECT
/*C62*/SET SCHEMA PUBLIC
DISCONNECT
/*C65*/SET SCHEMA PUBLIC
DISCONNECT
/*C64*/SET SCHEMA PUBLIC
DISCONNECT
/*C66*/SET SCHEMA PUBLIC
DISCONNECT
/*C68*/SET SCHEMA PUBLIC
DISCONNECT
/*C67*/SET SCHEMA PUBLIC
DISCONNECT
/*C69*/SET SCHEMA PUBLIC
DISCONNECT
/*C70*/SET SCHEMA PUBLIC
DISCONNECT
/*C73*/SET SCHEMA PUBLIC
DISCONNECT
/*C72*/SET SCHEMA PUBLIC
DISCONNECT
/*C75*/SET SCHEMA PUBLIC
DISCONNECT
/*C74*/SET SCHEMA PUBLIC
DISCONNECT
/*C71*/SET SCHEMA PUBLIC
DISCONNECT
/*C76*/SET SCHEMA PUBLIC
DISCONNECT
/*C79*/SET SCHEMA PUBLIC
DISCONNECT
/*C78*/SET SCHEMA PUBLIC
DISCONNECT
/*C80*/SET SCHEMA PUBLIC
DISCONNECT
/*C82*/SET SCHEMA PUBLIC
DISCONNECT
/*C81*/SET SCHEMA PUBLIC
DISCONNECT
/*C83*/SET SCHEMA PUBLIC
DISCONNECT
/*C85*/SET SCHEMA PUBLIC
DISCONNECT
/*C84*/SET SCHEMA PUBLIC
DISCONNECT
/*C86*/SET SCHEMA PUBLIC
DISCONNECT
/*C77*/SET SCHEMA PUBLIC
DISCONNECT
/*C87*/SET SCHEMA PUBLIC
DISCONNECT
/*C89*/SET SCHEMA PUBLIC
DISCONNECT
/*C88*/SET SCHEMA PUBLIC
DISCONNECT
/*C90*/SET SCHEMA PUBLIC
DELETE FROM SUPPLIER WHERE SUPPLIERID=9087654
INSERT INTO SUPPLIER VALUES(9087654,'Lieferant_Name1','Lieferant_Name2','Lieferant_Stra\u00dfe','DE',12345,'Lieferant_Ort','Lieferant_Telefon','Lieferant_Fax','Lieferant_Email','Lieferant_Web','Lieferant_Ansprechpartner','Lieferant_UstID','SEPA-Lastschrift','Lieferanten_IBAN','Lieferanten_BIC','Lieferanten_Bank',1,3,'2','2016-08-31','Lieferanten_Notiz')
COMMIT
/*C91*/SET SCHEMA PUBLIC
DISCONNECT
/*C92*/SET SCHEMA PUBLIC
INSERT INTO SUPPLIERCONTACTS VALUES(9087654,'Name','Telefon','Fax','Email','Abteilung','Herr')
COMMIT
INSERT INTO SUPPLIERCONTACTS VALUES(9087654,'Musterfrau','089 - 123','089 - 456','musterfrau@domain.de','Musterabteilung','Frau')
COMMIT
DISCONNECT
/*C90*/DISCONNECT
/*C93*/SET SCHEMA PUBLIC
DISCONNECT
/*C95*/SET SCHEMA PUBLIC
DISCONNECT
/*C94*/SET SCHEMA PUBLIC
DISCONNECT
/*C97*/SET SCHEMA PUBLIC
DISCONNECT
/*C96*/SET SCHEMA PUBLIC
DISCONNECT
